<?xml version="1.0" encoding="UTF-8"?>
<!-- Generated by org.testng.reporters.JUnitReportReporter -->
<testsuite hostname="LAPTOP-QT2UH10T" failures="0" tests="1" name="cOVSERFOX_Test.CF_TC55_Parametric_Validate_search_results_for_healthcare_plocies" time="15.890" errors="0" timestamp="2024-01-03T16:50:10 IST" skipped="0">
  <testcase classname="cOVSERFOX_Test.CF_TC55_Parametric_Validate_search_results_for_healthcare_plocies" name="validateTestPlansFromTextAndBanners" time="15.890">
    <system-out>
      <![CDATA[Fetching No of Details from Text
Fetching No of Details from Banner
Tc is Passed
Taking ScreenShot
Saved ScreenShot atD:\selenium\screenshot_permanat\coverfoxCF_TC55_2024.01.03.16.49.54.png]]>
    </system-out>
  </testcase> <!-- validateTestPlansFromTextAndBanners -->
  <system-out>
    <![CDATA[Launching CoverFox
Clicking on Gender Button
Clicking on next Button
Handling AgeDropDown 
Reading Data from Excel
Clicking on next Button
Entering PinCode 
Reading Data from Excel
Entering MObile NO 
Reading Data from Excel
Clicking on Continue Button
Fetching No of Details from Text
Fetching No of Details from Banner
Tc is Passed
Taking ScreenShot
Saved ScreenShot atD:\selenium\screenshot_permanat\coverfoxCF_TC55_2024.01.03.16.49.54.png
Closing Browser]]>
  </system-out>
</testsuite> <!-- cOVSERFOX_Test.CF_TC55_Parametric_Validate_search_results_for_healthcare_plocies -->
