<?xml version="1.0" encoding="UTF-8"?>
<!-- Generated by org.testng.reporters.JUnitReportReporter -->
<testsuite hostname="LAPTOP-QT2UH10T" failures="0" tests="4" name="testNGkEYwORDS.DependsOnMethodUse" time="0.018" errors="0" timestamp="2023-12-21T17:52:44 IST" skipped="0">
  <testcase classname="testNGkEYwORDS.DependsOnMethodUse" name="a" time="0.003">
    <system-out>
      <![CDATA[TC a is running]]>
    </system-out>
  </testcase> <!-- a -->
  <testcase classname="testNGkEYwORDS.DependsOnMethodUse" name="c" time="0.011">
    <system-out>
      <![CDATA[TC c is running]]>
    </system-out>
  </testcase> <!-- c -->
  <testcase classname="testNGkEYwORDS.DependsOnMethodUse" name="d" time="0.002">
    <system-out>
      <![CDATA[TC d is running]]>
    </system-out>
  </testcase> <!-- d -->
  <testcase classname="testNGkEYwORDS.DependsOnMethodUse" name="b" time="0.002">
    <system-out>
      <![CDATA[TC b is running]]>
    </system-out>
  </testcase> <!-- b -->
  <system-out>
    <![CDATA[TC c is running
TC d is running
TC a is running
TC b is running]]>
  </system-out>
</testsuite> <!-- testNGkEYwORDS.DependsOnMethodUse -->
