<?xml version="1.0" encoding="UTF-8"?>
<!-- Generated by org.testng.reporters.JUnitReportReporter -->
<testsuite hostname="LAPTOP-QT2UH10T" failures="0" tests="4" name="testNGkEYwORDS.PrioRity2" time="0.014" errors="0" timestamp="2023-12-21T15:27:45 IST" skipped="0">
  <testcase classname="testNGkEYwORDS.PrioRity2" name="d" time="0.001">
    <system-out>
      <![CDATA[TC d is running]]>
    </system-out>
  </testcase> <!-- d -->
  <testcase classname="testNGkEYwORDS.PrioRity2" name="a" time="0.010">
    <system-out>
      <![CDATA[TC a is running]]>
    </system-out>
  </testcase> <!-- a -->
  <testcase classname="testNGkEYwORDS.PrioRity2" name="c" time="0.002">
    <system-out>
      <![CDATA[TC c is running]]>
    </system-out>
  </testcase> <!-- c -->
  <testcase classname="testNGkEYwORDS.PrioRity2" name="b" time="0.001">
    <system-out>
      <![CDATA[TC b is running]]>
    </system-out>
  </testcase> <!-- b -->
  <system-out>
    <![CDATA[TC a is running
TC d is running
TC c is running
TC b is running]]>
  </system-out>
</testsuite> <!-- testNGkEYwORDS.PrioRity2 -->
