<?xml version="1.0" encoding="UTF-8"?>
<!-- Generated by org.testng.reporters.JUnitReportReporter -->
<testsuite hostname="LAPTOP-QT2UH10T" failures="0" tests="3" name="testNGAnnotations.testAnnotation" time="0.010" errors="0" timestamp="2023-12-19T09:37:34 IST" skipped="0">
  <testcase classname="testNGAnnotations.testAnnotation" name="y" time="0.001">
    <system-out>
      <![CDATA[TC y is running]]>
    </system-out>
  </testcase> <!-- y -->
  <testcase classname="testNGAnnotations.testAnnotation" name="x" time="0.009">
    <system-out>
      <![CDATA[TC x is running]]>
    </system-out>
  </testcase> <!-- x -->
  <testcase classname="testNGAnnotations.testAnnotation" name="z" time="0.000">
    <system-out>
      <![CDATA[TC z is running]]>
    </system-out>
  </testcase> <!-- z -->
  <system-out>
    <![CDATA[TC x is running
TC y is running
TC z is running]]>
  </system-out>
</testsuite> <!-- testNGAnnotations.testAnnotation -->
