<?xml version="1.0" encoding="UTF-8"?>
<!-- Generated by org.testng.reporters.JUnitReportReporter -->
<testsuite hostname="LAPTOP-QT2UH10T" failures="0" tests="1" name="testNGStudy.TestNg1stClass" time="12.625" errors="0" timestamp="2023-12-18T18:02:34 IST" skipped="0">
  <testcase classname="testNGStudy.TestNg1stClass" name="myTest" time="12.625"/>
</testsuite> <!-- testNGStudy.TestNg1stClass -->
