<?xml version="1.0" encoding="UTF-8"?>
<!-- Generated by org.testng.reporters.JUnitReportReporter -->
<testsuite hostname="LAPTOP-QT2UH10T" failures="0" tests="2" name="testNG_Xml_Use.Myclass_1" time="0.015" errors="0" timestamp="2023-12-22T12:53:13 IST" skipped="0">
  <testcase classname="testNG_Xml_Use.Myclass_1" name="TC1" time="0.013">
    <system-out>
      <![CDATA[TC1 is Running]]>
    </system-out>
  </testcase> <!-- TC1 -->
  <testcase classname="testNG_Xml_Use.Myclass_1" name="TC4" time="0.002">
    <system-out>
      <![CDATA[TC4 is Running]]>
    </system-out>
  </testcase> <!-- TC4 -->
  <system-out>
    <![CDATA[TC1 is Running
TC4 is Running
TC5 is Running
TC6 is Running
TC8 is Running]]>
  </system-out>
</testsuite> <!-- testNG_Xml_Use.Myclass_1 -->
