<?xml version="1.0" encoding="UTF-8"?>
<!-- Generated by org.testng.reporters.JUnitReportReporter -->
<testsuite hostname="LAPTOP-QT2UH10T" failures="0" tests="1" name="testNG_Xml_Use.FAiled_Xml_use" time="0.011" errors="0" timestamp="2023-12-26T09:33:05 IST" skipped="0">
  <testcase classname="testNG_Xml_Use.FAiled_Xml_use" name="Tc3" time="0.011">
    <system-out>
      <![CDATA[TC 3 is running]]>
    </system-out>
  </testcase> <!-- Tc3 -->
  <system-out>
    <![CDATA[TC 3 is running]]>
  </system-out>
</testsuite> <!-- testNG_Xml_Use.FAiled_Xml_use -->
