<?xml version="1.0" encoding="UTF-8"?>
<!-- Generated by org.testng.reporters.JUnitReportReporter -->
<testsuite hostname="LAPTOP-QT2UH10T" failures="0" tests="6" name="testNGkEYwORDS.Invocation1" time="0.028" errors="0" timestamp="2023-12-21T17:13:32 IST" skipped="0">
  <testcase classname="testNGkEYwORDS.Invocation1" name="b" time="0.002">
    <system-out>
      <![CDATA[TC b is running]]>
    </system-out>
  </testcase> <!-- b -->
  <testcase classname="testNGkEYwORDS.Invocation1" name="a" time="0.013">
    <system-out>
      <![CDATA[TC a is running]]>
    </system-out>
  </testcase> <!-- a -->
  <testcase classname="testNGkEYwORDS.Invocation1" name="b" time="0.001">
    <system-out>
      <![CDATA[TC b is running]]>
    </system-out>
  </testcase> <!-- b -->
  <testcase classname="testNGkEYwORDS.Invocation1" name="b" time="0.001">
    <system-out>
      <![CDATA[TC b is running]]>
    </system-out>
  </testcase> <!-- b -->
  <testcase classname="testNGkEYwORDS.Invocation1" name="c" time="0.005">
    <system-out>
      <![CDATA[TC c is running]]>
    </system-out>
  </testcase> <!-- c -->
  <testcase classname="testNGkEYwORDS.Invocation1" name="b" time="0.006">
    <system-out>
      <![CDATA[TC b is running]]>
    </system-out>
  </testcase> <!-- b -->
  <system-out>
    <![CDATA[TC a is running
TC b is running
TC b is running
TC b is running
TC b is running
TC c is running]]>
  </system-out>
</testsuite> <!-- testNGkEYwORDS.Invocation1 -->
