<?xml version="1.0" encoding="UTF-8"?>
<!-- Generated by org.testng.reporters.JUnitReportReporter -->
<testsuite hostname="LAPTOP-QT2UH10T" failures="0" tests="1" name="testNG_Assertions.AssertTrue_False_Study" time="0.017" errors="0" timestamp="2023-12-26T17:26:54 IST" skipped="0">
  <testcase classname="testNG_Assertions.AssertTrue_False_Study" name="f" time="0.017"/>
</testsuite> <!-- testNG_Assertions.AssertTrue_False_Study -->
