<?xml version="1.0" encoding="UTF-8"?>
<!-- Generated by org.testng.reporters.JUnitReportReporter -->
<testsuite hostname="LAPTOP-QT2UH10T" failures="0" tests="2" name="testNGAnnotations.TestClass1" time="0.010" errors="0" timestamp="2023-12-20T00:22:32 IST" skipped="0">
  <testcase classname="testNGAnnotations.TestClass1" name="TC1" time="0.007">
    <system-out>
      <![CDATA[Running TC1]]>
    </system-out>
  </testcase> <!-- TC1 -->
  <testcase classname="testNGAnnotations.TestClass1" name="TC2" time="0.003">
    <system-out>
      <![CDATA[Running TC2]]>
    </system-out>
  </testcase> <!-- TC2 -->
  <system-out>
    <![CDATA[BeforeSuite is running
BeforeTest is running
BeforeClass is running
BeforeMethod is running
Running TC1
AfterMethod is running
BeforeMethod is running
Running TC2
AfterMethod is running
AfterClass is running
BeforeClass is running
BeforeMethod is running
Running TC3
AfterMethod is running
BeforeMethod is running
Running TC4
AfterMethod is running
AfterClass is running
AfterTestt is running
AfterSuite is running]]>
  </system-out>
</testsuite> <!-- testNGAnnotations.TestClass1 -->
