<?xml version="1.0" encoding="UTF-8"?>
<!-- Generated by org.testng.reporters.JUnitReportReporter -->
<testsuite hostname="LAPTOP-QT2UH10T" failures="0" tests="1" name="testNGkEYwORDS.TimeOutUse" time="5.030" errors="0" timestamp="2023-12-21T17:30:38 IST" skipped="0">
  <testcase classname="testNGkEYwORDS.TimeOutUse" name="Payment" time="5.030">
    <system-out>
      <![CDATA[Payment done sucessfully]]>
    </system-out>
  </testcase> <!-- Payment -->
  <system-out>
    <![CDATA[Payment done sucessfully]]>
  </system-out>
</testsuite> <!-- testNGkEYwORDS.TimeOutUse -->
