<?xml version="1.0" encoding="UTF-8"?>
<!-- Generated by org.testng.reporters.JUnitReportReporter -->
<testsuite hostname="LAPTOP-QT2UH10T" failures="0" tests="1" name="data_Provider.Fb_SignUp_Level1_Hardcoding" time="9.999" errors="0" timestamp="2023-12-27T00:31:57 IST" skipped="0">
  <testcase classname="data_Provider.Fb_SignUp_Level1_Hardcoding" name="f" time="9.999"/>
</testsuite> <!-- data_Provider.Fb_SignUp_Level1_Hardcoding -->
