<?xml version="1.0" encoding="UTF-8"?>
<!-- Generated by org.testng.reporters.JUnitReportReporter -->
<testsuite hostname="LAPTOP-QT2UH10T" failures="0" tests="6" name="testNGkEYwORDS.MixUsedKeyWords" time="0.019" errors="0" timestamp="2023-12-22T11:58:14 IST" skipped="0">
  <testcase classname="testNGkEYwORDS.MixUsedKeyWords" name="a" time="0.001">
    <system-out>
      <![CDATA[TC a is running]]>
    </system-out>
  </testcase> <!-- a -->
  <testcase classname="testNGkEYwORDS.MixUsedKeyWords" name="d" time="0.002">
    <system-out>
      <![CDATA[TC d is running]]>
    </system-out>
  </testcase> <!-- d -->
  <testcase classname="testNGkEYwORDS.MixUsedKeyWords" name="b" time="0.013">
    <system-out>
      <![CDATA[TC b is running]]>
    </system-out>
  </testcase> <!-- b -->
  <testcase classname="testNGkEYwORDS.MixUsedKeyWords" name="c" time="0.001">
    <system-out>
      <![CDATA[TC c is running]]>
    </system-out>
  </testcase> <!-- c -->
  <testcase classname="testNGkEYwORDS.MixUsedKeyWords" name="d" time="0.001">
    <system-out>
      <![CDATA[TC d is running]]>
    </system-out>
  </testcase> <!-- d -->
  <testcase classname="testNGkEYwORDS.MixUsedKeyWords" name="d" time="0.001">
    <system-out>
      <![CDATA[TC d is running]]>
    </system-out>
  </testcase> <!-- d -->
  <system-out>
    <![CDATA[TC b is running
TC c is running
TC d is running
TC d is running
TC d is running
TC a is running]]>
  </system-out>
</testsuite> <!-- testNGkEYwORDS.MixUsedKeyWords -->
