<?xml version="1.0" encoding="UTF-8"?>
<!-- Generated by org.testng.reporters.JUnitReportReporter -->
<testsuite hostname="LAPTOP-QT2UH10T" failures="0" tests="1" name="testNGStudy.TestNgClass2" time="0.016" errors="0" timestamp="2023-12-19T23:36:17 IST" skipped="0">
  <testcase classname="testNGStudy.TestNgClass2" name="myMethod" time="0.016">
    <system-out>
      <![CDATA[Hi this is Reporter , without boolean parameter
this is reporter with bollean parameter]]>
    </system-out>
  </testcase> <!-- myMethod -->
  <system-out>
    <![CDATA[Hi this is Reporter , without boolean parameter
this is reporter with bollean parameter]]>
  </system-out>
</testsuite> <!-- testNGStudy.TestNgClass2 -->
