<?xml version="1.0" encoding="UTF-8"?>
<!-- Generated by org.testng.reporters.JUnitReportReporter -->
<testsuite hostname="LAPTOP-QT2UH10T" failures="0" tests="3" name="data_Provider.Fb_SignUp_Level2_DataProvider" time="31.501" errors="0" timestamp="2023-12-27T00:35:03 IST" skipped="0">
  <testcase classname="data_Provider.Fb_SignUp_Level2_DataProvider" name="fbTest" time="10.984"/>
  <testcase classname="data_Provider.Fb_SignUp_Level2_DataProvider" name="fbTest" time="10.368"/>
  <testcase classname="data_Provider.Fb_SignUp_Level2_DataProvider" name="fbTest" time="10.149"/>
</testsuite> <!-- data_Provider.Fb_SignUp_Level2_DataProvider -->
