<?xml version="1.0" encoding="UTF-8"?>
<!-- Generated by org.testng.reporters.JUnitReportReporter -->
<testsuite hostname="LAPTOP-QT2UH10T" failures="0" tests="1" name="testNG_Assertions.AssertNotEquals_Study" time="0.013" errors="0" timestamp="2023-12-26T17:16:27 IST" skipped="0">
  <testcase classname="testNG_Assertions.AssertNotEquals_Study" name="f" time="0.013"/>
</testsuite> <!-- testNG_Assertions.AssertNotEquals_Study -->
