<?xml version="1.0" encoding="UTF-8"?>
<!-- Generated by org.testng.reporters.JUnitReportReporter -->
<testsuite hostname="LAPTOP-QT2UH10T" failures="0" tests="2" name="cross_Browser_Testing.CBTesting" time="37.396" errors="0" timestamp="2024-01-03T13:14:17 IST" skipped="0">
  <testcase classname="cross_Browser_Testing.CBTesting" name="test1" time="23.161"/>
  <testcase classname="cross_Browser_Testing.CBTesting" name="test1" time="14.235"/>
</testsuite> <!-- cross_Browser_Testing.CBTesting -->
