<?xml version="1.0" encoding="UTF-8"?>
<!-- Generated by org.testng.reporters.JUnitReportReporter -->
<testsuite hostname="LAPTOP-QT2UH10T" failures="0" tests="4" name="testNGkEYwORDS.EnableUse" time="0.014" errors="0" timestamp="2023-12-21T17:35:42 IST" skipped="1">
  <testcase classname="testNGkEYwORDS.EnableUse" name="a" time="0.011">
    <system-out>
      <![CDATA[TC a is running]]>
    </system-out>
  </testcase> <!-- a -->
  <testcase classname="testNGkEYwORDS.EnableUse" name="d" time="0.001">
    <system-out>
      <![CDATA[TC d is running]]>
    </system-out>
  </testcase> <!-- d -->
  <testcase classname="testNGkEYwORDS.EnableUse" name="b" time="0.002">
    <system-out>
      <![CDATA[TC b is running]]>
    </system-out>
  </testcase> <!-- b -->
  <testcase classname="testNGkEYwORDS.EnableUse" name="c">
    <skipped/>
  </testcase> <!-- c -->
  <system-out>
    <![CDATA[TC a is running
TC b is running
TC d is running]]>
  </system-out>
</testsuite> <!-- testNGkEYwORDS.EnableUse -->
