<?xml version="1.0" encoding="UTF-8"?>
<!-- Generated by org.testng.reporters.JUnitReportReporter -->
<testsuite hostname="LAPTOP-QT2UH10T" failures="0" tests="1" name="testNG_Serial_Parallel_Execution.Amazon" time="3.481" errors="0" timestamp="2023-12-29T01:02:09 IST" skipped="0">
  <testcase classname="testNG_Serial_Parallel_Execution.Amazon" name="amazonTest" time="3.481"/>
</testsuite> <!-- testNG_Serial_Parallel_Execution.Amazon -->
