<?xml version="1.0" encoding="UTF-8"?>
<!-- Generated by org.testng.reporters.JUnitReportReporter -->
<testsuite hostname="LAPTOP-QT2UH10T" failures="0" tests="3" name="data_Provider.Sonali" time="14.721" errors="0" timestamp="2023-12-29T10:28:59 IST" skipped="0">
  <testcase classname="data_Provider.Sonali" name="Details" time="4.273"/>
  <testcase classname="data_Provider.Sonali" name="Details" time="6.352"/>
  <testcase classname="data_Provider.Sonali" name="Details" time="4.096"/>
</testsuite> <!-- data_Provider.Sonali -->
