<?xml version="1.0" encoding="UTF-8"?>
<!-- Generated by org.testng.reporters.JUnitReportReporter -->
<testsuite hostname="LAPTOP-QT2UH10T" failures="0" tests="2" name="testNGAnnotations.BeforeMethodUse" time="0.022" errors="0" timestamp="2023-12-19T10:14:00 IST" skipped="0">
  <testcase classname="testNGAnnotations.BeforeMethodUse" name="myMethod" time="0.019">
    <system-out>
      <![CDATA[TC my method is running]]>
    </system-out>
  </testcase> <!-- myMethod -->
  <testcase classname="testNGAnnotations.BeforeMethodUse" name="myMethod1" time="0.003">
    <system-out>
      <![CDATA[TC my method1 is running]]>
    </system-out>
  </testcase> <!-- myMethod1 -->
  <system-out>
    <![CDATA[Log in sucessfully
Log1 in sucessfully
TC my method is running
LogOut sucessfully
Log in sucessfully
Log1 in sucessfully
TC my method1 is running
LogOut sucessfully]]>
  </system-out>
</testsuite> <!-- testNGAnnotations.BeforeMethodUse -->
