<?xml version="1.0" encoding="UTF-8"?>
<!-- Generated by org.testng.reporters.JUnitReportReporter -->
<testsuite hostname="LAPTOP-QT2UH10T" failures="0" tests="1" name="coverfox_UsingTestNg.CF_TC55_Parametric_Validate_search_results_for_healthcare_plocies" time="10.809" errors="0" timestamp="2023-12-29T23:41:58 IST" skipped="0">
  <testcase classname="coverfox_UsingTestNg.CF_TC55_Parametric_Validate_search_results_for_healthcare_plocies" name="validateTestPlansFromTextAndBanners" time="10.809">
    <system-out>
      <![CDATA[Fetching No of Details from Text
Fetching No of Details from Banner
Tc is Passed]]>
    </system-out>
  </testcase> <!-- validateTestPlansFromTextAndBanners -->
  <system-out>
    <![CDATA[Opening Chrome Brwoser
Clicking on Gender Button
Clicking on next Button
Handling AgeDropDown 
Clicking on next Button
Entering PinCode 
Entering MObile NO 
Clicking on Continue Button
Fetching No of Details from Text
Fetching No of Details from Banner
Tc is Passed
Closing the Browser]]>
  </system-out>
</testsuite> <!-- coverfox_UsingTestNg.CF_TC55_Parametric_Validate_search_results_for_healthcare_plocies -->
