<?xml version="1.0" encoding="UTF-8"?>
<!-- Generated by org.testng.reporters.JUnitReportReporter -->
<testsuite hostname="LAPTOP-QT2UH10T" failures="0" tests="3" name="data_Provider.Fb_SignUp_Level2" time="27.490" errors="0" timestamp="2023-12-26T23:36:01 IST" skipped="0">
  <testcase classname="data_Provider.Fb_SignUp_Level2" name="fbTest" time="9.627"/>
  <testcase classname="data_Provider.Fb_SignUp_Level2" name="fbTest" time="8.875"/>
  <testcase classname="data_Provider.Fb_SignUp_Level2" name="fbTest" time="8.988"/>
</testsuite> <!-- data_Provider.Fb_SignUp_Level2 -->
