<?xml version="1.0" encoding="UTF-8"?>
<!-- Generated by org.testng.reporters.JUnitReportReporter -->
<testsuite hostname="LAPTOP-QT2UH10T" failures="0" tests="1" name="testNG_Xml_Use.Myclass_4" time="0.002" errors="0" timestamp="2023-12-22T15:23:49 IST" skipped="0">
  <testcase classname="testNG_Xml_Use.Myclass_4" name="TC7" time="0.002">
    <system-out>
      <![CDATA[TC7 is Running]]>
    </system-out>
  </testcase> <!-- TC7 -->
  <system-out>
    <![CDATA[TC1 is Running
TC2 is Running
TC3 is Running
TC7 is Running]]>
  </system-out>
</testsuite> <!-- testNG_Xml_Use.Myclass_4 -->
