<?xml version="1.0" encoding="UTF-8"?>
<!-- Generated by org.testng.reporters.JUnitReportReporter -->
<testsuite hostname="LAPTOP-QT2UH10T" failures="0" tests="2" name="testNGAnnotations.BeforeClassUse" time="0.013" errors="0" timestamp="2023-12-19T10:27:59 IST" skipped="0">
  <testcase classname="testNGAnnotations.BeforeClassUse" name="myMethod1" time="0.004">
    <system-out>
      <![CDATA[TC my method1 is running]]>
    </system-out>
  </testcase> <!-- myMethod1 -->
  <testcase classname="testNGAnnotations.BeforeClassUse" name="myMethod" time="0.009">
    <system-out>
      <![CDATA[TC my method is running]]>
    </system-out>
  </testcase> <!-- myMethod -->
  <system-out>
    <![CDATA[launch the browser
Log in sucessfully
TC my method is running
LogOut sucessfully
Log in sucessfully
TC my method1 is running
LogOut sucessfully
close the browser]]>
  </system-out>
</testsuite> <!-- testNGAnnotations.BeforeClassUse -->
