<?xml version="1.0" encoding="UTF-8"?>
<!-- Generated by org.testng.reporters.JUnitReportReporter -->
<testsuite hostname="LAPTOP-QT2UH10T" failures="0" tests="3" name="testNG_Xml_Use.Myclass_3" time="0.017" errors="0" timestamp="2023-12-22T15:23:49 IST" skipped="0">
  <testcase classname="testNG_Xml_Use.Myclass_3" name="TC3" time="0.002">
    <system-out>
      <![CDATA[TC3 is Running]]>
    </system-out>
  </testcase> <!-- TC3 -->
  <testcase classname="testNG_Xml_Use.Myclass_3" name="TC1" time="0.014">
    <system-out>
      <![CDATA[TC1 is Running]]>
    </system-out>
  </testcase> <!-- TC1 -->
  <testcase classname="testNG_Xml_Use.Myclass_3" name="TC2" time="0.001">
    <system-out>
      <![CDATA[TC2 is Running]]>
    </system-out>
  </testcase> <!-- TC2 -->
  <system-out>
    <![CDATA[TC1 is Running
TC2 is Running
TC3 is Running
TC7 is Running]]>
  </system-out>
</testsuite> <!-- testNG_Xml_Use.Myclass_3 -->
