<?xml version="1.0" encoding="UTF-8"?>
<!-- Generated by org.testng.reporters.JUnitReportReporter -->
<testsuite hostname="LAPTOP-QT2UH10T" failures="0" tests="2" name="cOVSERFOX_Test.CF_TC56_Parametric_Validate_search_results_for_SortplanText" time="12.225" errors="0" timestamp="2024-01-03T23:17:04 IST" skipped="1">
  <testcase classname="cOVSERFOX_Test.CF_TC56_Parametric_Validate_search_results_for_SortplanText" name="validateSortPlansButton" time="12.225">
    <system-out>
      <![CDATA[Validating sortPlanElementPresency]]>
    </system-out>
  </testcase> <!-- validateSortPlansButton -->
  <testcase classname="cOVSERFOX_Test.CF_TC56_Parametric_Validate_search_results_for_SortplanText" name="validateTestPlansFromTextAndBanners">
    <skipped/>
  </testcase> <!-- validateTestPlansFromTextAndBanners -->
  <system-out>
    <![CDATA[Launching CoverFox
Clicking on Gender Button
Clicking on next Button
Handling AgeDropDown 
Reading Data from Excel
Clicking on next Button
Entering PinCode 
Reading Data from Excel
Entering MObile NO 
Reading Data from Excel
Clicking on Continue Button
Fetching No of Details from Text
Fetching No of Details from Banner
Taking ScreenShot
Saved ScreenShot atD:\selenium\screenshot_permanat\coverfoxvalidateTestPlansFromTextAndBanners_2024.01.03.23.16.06.png
Launching CoverFox
Clicking on Gender Button
Clicking on next Button
Handling AgeDropDown 
Reading Data from Excel
Click On Next Button  
Reading Data from Excel
Launching CoverFox
Clicking on Gender Button
Clicking on next Button
Handling AgeDropDown 
Reading Data from Excel
Clicking on next Button
Entering PinCode 
Reading Data from Excel
Entering MObile NO 
Reading Data from Excel
Clicking on Continue Button
Validating sortPlanElementPresency
Closing Browser]]>
  </system-out>
</testsuite> <!-- cOVSERFOX_Test.CF_TC56_Parametric_Validate_search_results_for_SortplanText -->
