<?xml version="1.0" encoding="UTF-8"?>
<!-- Generated by org.testng.reporters.JUnitReportReporter -->
<testsuite hostname="LAPTOP-QT2UH10T" failures="0" tests="1" name="data_Provider.Fb_SignUp_Level3_XmlData" time="12.802" errors="0" timestamp="2023-12-26T23:57:49 IST" skipped="0">
  <testcase classname="data_Provider.Fb_SignUp_Level3_XmlData" name="fbTest" time="12.802"/>
</testsuite> <!-- data_Provider.Fb_SignUp_Level3_XmlData -->
