<?xml version="1.0" encoding="UTF-8"?>
<!-- Generated by org.testng.reporters.JUnitReportReporter -->
<testsuite hostname="LAPTOP-QT2UH10T" failures="0" tests="3" name="data_Provider.TATA_AIG_DataProviderClass" time="108.039" errors="0" timestamp="2023-12-28T15:22:08 IST" skipped="0">
  <testcase classname="data_Provider.TATA_AIG_DataProviderClass" name="f" time="24.262"/>
  <testcase classname="data_Provider.TATA_AIG_DataProviderClass" name="f" time="56.661"/>
  <testcase classname="data_Provider.TATA_AIG_DataProviderClass" name="f" time="27.116"/>
</testsuite> <!-- data_Provider.TATA_AIG_DataProviderClass -->
