<?xml version="1.0" encoding="UTF-8"?>
<!-- Generated by org.testng.reporters.JUnitReportReporter -->
<testsuite hostname="LAPTOP-QT2UH10T" failures="0" tests="3" name="testNG_Xml_Use.Myclass_2" time="0.005" errors="0" timestamp="2023-12-22T12:53:13 IST" skipped="0">
  <testcase classname="testNG_Xml_Use.Myclass_2" name="TC5" time="0.002">
    <system-out>
      <![CDATA[TC5 is Running]]>
    </system-out>
  </testcase> <!-- TC5 -->
  <testcase classname="testNG_Xml_Use.Myclass_2" name="TC6" time="0.001">
    <system-out>
      <![CDATA[TC6 is Running]]>
    </system-out>
  </testcase> <!-- TC6 -->
  <testcase classname="testNG_Xml_Use.Myclass_2" name="TC8" time="0.002">
    <system-out>
      <![CDATA[TC8 is Running]]>
    </system-out>
  </testcase> <!-- TC8 -->
  <system-out>
    <![CDATA[TC1 is Running
TC4 is Running
TC5 is Running
TC6 is Running
TC8 is Running]]>
  </system-out>
</testsuite> <!-- testNG_Xml_Use.Myclass_2 -->
