<?xml version="1.0" encoding="UTF-8"?>
<!-- Generated by org.testng.reporters.JUnitReportReporter -->
<testsuite hostname="LAPTOP-QT2UH10T" failures="0" tests="1" name="data_Provider.Fb_SignUp" time="9.801" errors="0" timestamp="2023-12-26T22:58:47 IST" skipped="0">
  <testcase classname="data_Provider.Fb_SignUp" name="f" time="9.801"/>
</testsuite> <!-- data_Provider.Fb_SignUp -->
