<?xml version="1.0" encoding="UTF-8"?>
<!-- Generated by org.testng.reporters.JUnitReportReporter -->
<testsuite hostname="LAPTOP-QT2UH10T" failures="0" tests="3" name="testNGStudy.TestNgClass3" time="9.756" errors="0" timestamp="2023-12-19T09:17:38 IST" skipped="0">
  <testcase classname="testNGStudy.TestNgClass3" name="fbLaunch" time="3.320">
    <system-out>
      <![CDATA[fb launched]]>
    </system-out>
  </testcase> <!-- fbLaunch -->
  <testcase classname="testNGStudy.TestNgClass3" name="instaLanumch" time="2.457">
    <system-out>
      <![CDATA[insta launched]]>
    </system-out>
  </testcase> <!-- instaLanumch -->
  <testcase classname="testNGStudy.TestNgClass3" name="twitterLaunch" time="3.979">
    <system-out>
      <![CDATA[twitter launched]]>
    </system-out>
  </testcase> <!-- twitterLaunch -->
  <system-out>
    <![CDATA[fb launched
insta launched
twitter launched]]>
  </system-out>
</testsuite> <!-- testNGStudy.TestNgClass3 -->
