<?xml version="1.0" encoding="UTF-8"?>
<!-- Generated by org.testng.reporters.JUnitReportReporter -->
<testsuite hostname="LAPTOP-QT2UH10T" failures="0" tests="3" name="data_Provider.TATA_AIG_XML" time="122.277" errors="0" timestamp="2023-12-28T14:18:33 IST" skipped="0">
  <testcase classname="data_Provider.TATA_AIG_XML" name="f" time="65.741"/>
  <testcase classname="data_Provider.TATA_AIG_XML" name="f" time="23.225"/>
  <testcase classname="data_Provider.TATA_AIG_XML" name="f" time="33.311"/>
</testsuite> <!-- data_Provider.TATA_AIG_XML -->
