<?xml version="1.0" encoding="UTF-8"?>
<!-- Generated by org.testng.reporters.JUnitReportReporter -->
<testsuite hostname="LAPTOP-QT2UH10T" failures="0" tests="2" name="testNGAnnotations.TestClass2" time="0.004" errors="0" timestamp="2023-12-20T00:22:32 IST" skipped="0">
  <testcase classname="testNGAnnotations.TestClass2" name="TC4" time="0.000">
    <system-out>
      <![CDATA[Running TC4]]>
    </system-out>
  </testcase> <!-- TC4 -->
  <testcase classname="testNGAnnotations.TestClass2" name="TC3" time="0.004">
    <system-out>
      <![CDATA[Running TC3]]>
    </system-out>
  </testcase> <!-- TC3 -->
  <system-out>
    <![CDATA[BeforeSuite is running
BeforeTest is running
BeforeClass is running
BeforeMethod is running
Running TC1
AfterMethod is running
BeforeMethod is running
Running TC2
AfterMethod is running
AfterClass is running
BeforeClass is running
BeforeMethod is running
Running TC3
AfterMethod is running
BeforeMethod is running
Running TC4
AfterMethod is running
AfterClass is running
AfterTestt is running
AfterSuite is running]]>
  </system-out>
</testsuite> <!-- testNGAnnotations.TestClass2 -->
